Enter main...
Trace: Enter helper
Executable combination: 7
Execomb: 0,Execomb: 0,Execomb: 1,Execomb: 1,
Execomb: 0,Execomb: 0,Execomb: 1,Execomb: 1,
Execomb: 0,Execomb: 0,Execomb: 1,

0:0:0:
Prune at: 2
Execomb: 0,Execomb: 0,Execomb: 1,Execomb: 1,
Execomb: 0,Execomb: 0,Execomb: 1,Execomb: 1,
Execomb: 0,Execomb: 1,Execomb: 1,

0:0:2:
Prune at: 2
Execomb: 0,Execomb: 0,Execomb: 1,Execomb: 1,
Execomb: 0,Execomb: 0,Execomb: 1,Execomb: 1,
Execomb: 1,Execomb: 0,Execomb: 1,

0:0:4:
Prune at: 2
Execomb: 0,Execomb: 0,Execomb: 1,Execomb: 1,
Execomb: 0,Execomb: 0,Execomb: 1,Execomb: 1,
Execomb: 1,Execomb: 1,Execomb: 1,

0:0:6:
Prune at: 2
Execomb: 0,Execomb: 0,Execomb: 1,Execomb: 1,
Execomb: 0,Execomb: 1,Execomb: 0,Execomb: 1,
Execomb: 0,Execomb: 0,Execomb: 1,Execomb: 1,

0:1:0:
Prune at: 2
Execomb: 0,Execomb: 0,Execomb: 1,Execomb: 1,
Execomb: 0,Execomb: 1,Execomb: 0,Execomb: 1,
Execomb: 0,Execomb: 1,Execomb: 1,Execomb: 0,

0:1:2:
Execomb: 0,Execomb: 0,Execomb: 1,Execomb: 1,
Execomb: 0,Execomb: 1,Execomb: 0,Execomb: 1,
Execomb: 1,Execomb: 0,Execomb: 0,Execomb: 1,

0:1:3:
Prune at: 2
Execomb: 0,Execomb: 0,Execomb: 1,Execomb: 1,
Execomb: 0,Execomb: 1,Execomb: 0,Execomb: 1,
Execomb: 1,Execomb: 1,Execomb: 0,Execomb: 1,

0:1:5:
Prune at: 2
Execomb: 0,Execomb: 0,Execomb: 1,Execomb: 1,
Execomb: 0,Execomb: 1,Execomb: 1,Execomb: 0,
Execomb: 0,Execomb: 0,Execomb: 1,

0:2:0:
Prune at: 2
Execomb: 0,Execomb: 0,Execomb: 1,Execomb: 1,
Execomb: 0,Execomb: 1,Execomb: 1,Execomb: 0,
Execomb: 0,Execomb: 1,Execomb: 1,

0:2:2:
Prune at: 2
Execomb: 0,Execomb: 0,Execomb: 1,Execomb: 1,
Execomb: 0,Execomb: 1,Execomb: 1,Execomb: 0,
Execomb: 1,Execomb: 0,Execomb: 1,

0:2:4:
Prune at: 2
Execomb: 0,Execomb: 0,Execomb: 1,Execomb: 1,
Execomb: 0,Execomb: 1,Execomb: 1,Execomb: 0,
Execomb: 1,Execomb: 1,Execomb: 1,

0:2:6:
Prune at: 2
Execomb: 0,Execomb: 0,Execomb: 1,Execomb: 1,
Execomb: 1,Execomb: 0,Execomb: 0,Execomb: 1,
Execomb: 0,Execomb: 0,Execomb: 1,Execomb: 1,

0:3:0:
Prune at: 2
Execomb: 0,Execomb: 0,Execomb: 1,Execomb: 1,
Execomb: 1,Execomb: 0,Execomb: 0,Execomb: 1,
Execomb: 0,Execomb: 1,Execomb: 1,Execomb: 0,

0:3:2:
Execomb: 0,Execomb: 0,Execomb: 1,Execomb: 1,
Execomb: 1,Execomb: 0,Execomb: 0,Execomb: 1,
Execomb: 1,Execomb: 0,Execomb: 0,Execomb: 1,

0:3:3:
Prune at: 2
Execomb: 0,Execomb: 0,Execomb: 1,Execomb: 1,
Execomb: 1,Execomb: 0,Execomb: 0,Execomb: 1,
Execomb: 1,Execomb: 1,Execomb: 0,Execomb: 1,

0:3:5:
Prune at: 2
Execomb: 0,Execomb: 0,Execomb: 1,Execomb: 1,
Execomb: 1,Execomb: 0,Execomb: 1,Execomb: 1,
Execomb: 0,Execomb: 0,Execomb: 1,

0:4:0:
Prune at: 2
Execomb: 0,Execomb: 0,Execomb: 1,Execomb: 1,
Execomb: 1,Execomb: 0,Execomb: 1,Execomb: 1,
Execomb: 0,Execomb: 1,Execomb: 1,

0:4:2:
Prune at: 2
Execomb: 0,Execomb: 0,Execomb: 1,Execomb: 1,
Execomb: 1,Execomb: 0,Execomb: 1,Execomb: 1,
Execomb: 1,Execomb: 0,Execomb: 1,

0:4:4:
Prune at: 2
Execomb: 0,Execomb: 0,Execomb: 1,Execomb: 1,
Execomb: 1,Execomb: 0,Execomb: 1,Execomb: 1,
Execomb: 1,Execomb: 1,Execomb: 1,

0:4:6:
Prune at: 2
Execomb: 0,Execomb: 0,Execomb: 1,Execomb: 1,
Execomb: 1,Execomb: 1,Execomb: 0,Execomb: 1,
Execomb: 0,Execomb: 0,Execomb: 1,Execomb: 1,

0:5:0:
Prune at: 2
Execomb: 0,Execomb: 0,Execomb: 1,Execomb: 1,
Execomb: 1,Execomb: 1,Execomb: 0,Execomb: 1,
Execomb: 0,Execomb: 1,Execomb: 1,Execomb: 0,

0:5:2:
Execomb: 0,Execomb: 0,Execomb: 1,Execomb: 1,
Execomb: 1,Execomb: 1,Execomb: 0,Execomb: 1,
Execomb: 1,Execomb: 0,Execomb: 0,Execomb: 1,

0:5:3:
Prune at: 2
Execomb: 0,Execomb: 0,Execomb: 1,Execomb: 1,
Execomb: 1,Execomb: 1,Execomb: 0,Execomb: 1,
Execomb: 1,Execomb: 1,Execomb: 0,Execomb: 1,

0:5:5:
Prune at: 2
Execomb: 0,Execomb: 0,Execomb: 1,Execomb: 1,
Execomb: 1,Execomb: 1,Execomb: 1,Execomb: 0,
Execomb: 0,Execomb: 0,Execomb: 1,

0:6:0:
Prune at: 2
Execomb: 0,Execomb: 0,Execomb: 1,Execomb: 1,
Execomb: 1,Execomb: 1,Execomb: 1,Execomb: 0,
Execomb: 0,Execomb: 1,Execomb: 1,

0:6:2:
Prune at: 2
Execomb: 0,Execomb: 0,Execomb: 1,Execomb: 1,
Execomb: 1,Execomb: 1,Execomb: 1,Execomb: 0,
Execomb: 1,Execomb: 0,Execomb: 1,

0:6:4:
Prune at: 2
Execomb: 0,Execomb: 0,Execomb: 1,Execomb: 1,
Execomb: 1,Execomb: 1,Execomb: 1,Execomb: 0,
Execomb: 1,Execomb: 1,Execomb: 1,

0:6:6:
Prune at: 2
Execomb: 0,Execomb: 1,Execomb: 0,Execomb: 1,
Execomb: 0,Execomb: 0,Execomb: 1,Execomb: 1,
Execomb: 0,Execomb: 0,Execomb: 1,Execomb: 1,

1:0:0:
Prune at: 2
Execomb: 0,Execomb: 1,Execomb: 0,Execomb: 1,
Execomb: 0,Execomb: 0,Execomb: 1,Execomb: 1,
Execomb: 0,Execomb: 1,Execomb: 1,Execomb: 0,

1:0:2:
Execomb: 0,Execomb: 1,Execomb: 0,Execomb: 1,
Execomb: 0,Execomb: 0,Execomb: 1,Execomb: 1,
Execomb: 1,Execomb: 0,Execomb: 0,Execomb: 1,

1:0:3:
Prune at: 2
Execomb: 0,Execomb: 1,Execomb: 0,Execomb: 1,
Execomb: 0,Execomb: 0,Execomb: 1,Execomb: 1,
Execomb: 1,Execomb: 1,Execomb: 0,Execomb: 1,

1:0:5:
Prune at: 2
Execomb: 0,Execomb: 1,Execomb: 0,Execomb: 1,
Execomb: 0,Execomb: 1,Execomb: 0,Execomb: 1,
Execomb: 0,Execomb: 0,Execomb: 1,Execomb: 1,

1:1:0:
Prune at: 2
Execomb: 0,Execomb: 1,Execomb: 0,Execomb: 1,
Execomb: 0,Execomb: 1,Execomb: 0,Execomb: 1,
Execomb: 0,Execomb: 1,

1:1:2:
Prune at: 2
Execomb: 0,Execomb: 1,Execomb: 0,Execomb: 1,
Execomb: 0,Execomb: 1,Execomb: 0,Execomb: 1,
Execomb: 1,Execomb: 0,Execomb: 1,Execomb: 1,

1:1:4:
Prune at: 2
Execomb: 0,Execomb: 1,Execomb: 0,Execomb: 1,
Execomb: 0,Execomb: 1,Execomb: 0,Execomb: 1,
Execomb: 1,Execomb: 1,

1:1:6:
Prune at: 2
Execomb: 0,Execomb: 1,Execomb: 0,Execomb: 1,
Execomb: 0,Execomb: 1,Execomb: 1,Execomb: 0,
Execomb: 0,Execomb: 0,Execomb: 1,Execomb: 1,

1:2:0:
Execomb: 0,Execomb: 1,Execomb: 0,Execomb: 1,
Execomb: 0,Execomb: 1,Execomb: 1,Execomb: 0,
Execomb: 0,Execomb: 1,

1:2:1:
Prune at: 2
Execomb: 0,Execomb: 1,Execomb: 0,Execomb: 1,
Execomb: 0,Execomb: 1,Execomb: 1,Execomb: 0,
Execomb: 1,Execomb: 0,Execomb: 0,Execomb: 1,

1:2:3:
Execomb: 0,Execomb: 1,Execomb: 0,Execomb: 1,
Execomb: 0,Execomb: 1,Execomb: 1,Execomb: 0,
Execomb: 1,Execomb: 0,Execomb: 1,Execomb: 1,

1:2:4:
Execomb: 0,Execomb: 1,Execomb: 0,Execomb: 1,
Execomb: 0,Execomb: 1,Execomb: 1,Execomb: 0,
Execomb: 1,Execomb: 1,

1:2:5:
Prune at: 2
Execomb: 0,Execomb: 1,Execomb: 0,Execomb: 1,
Execomb: 1,Execomb: 0,Execomb: 0,Execomb: 1,
Execomb: 0,Execomb: 0,Execomb: 1,Execomb: 1,

1:3:0:
Prune at: 2
Execomb: 0,Execomb: 1,Execomb: 0,Execomb: 1,
Execomb: 1,Execomb: 0,Execomb: 0,Execomb: 1,
Execomb: 0,Execomb: 1,Execomb: 1,Execomb: 0,

1:3:2:
Execomb: 0,Execomb: 1,Execomb: 0,Execomb: 1,
Execomb: 1,Execomb: 0,Execomb: 0,Execomb: 1,
Execomb: 1,Execomb: 0,Execomb: 0,Execomb: 1,

1:3:3:
Prune at: 2
Execomb: 0,Execomb: 1,Execomb: 0,Execomb: 1,
Execomb: 1,Execomb: 0,Execomb: 0,Execomb: 1,
Execomb: 1,Execomb: 1,Execomb: 0,Execomb: 1,

1:3:5:
Prune at: 2
Execomb: 0,Execomb: 1,Execomb: 0,Execomb: 1,
Execomb: 1,Execomb: 0,Execomb: 1,Execomb: 1,
Execomb: 0,Execomb: 0,Execomb: 1,Execomb: 1,

1:4:0:
Prune at: 2
Execomb: 0,Execomb: 1,Execomb: 0,Execomb: 1,
Execomb: 1,Execomb: 0,Execomb: 1,Execomb: 1,
Execomb: 0,Execomb: 1,Execomb: 1,Execomb: 0,

1:4:2:
Execomb: 0,Execomb: 1,Execomb: 0,Execomb: 1,
Execomb: 1,Execomb: 0,Execomb: 1,Execomb: 1,
Execomb: 1,Execomb: 0,Execomb: 0,Execomb: 1,

1:4:3:
Prune at: 2
Execomb: 0,Execomb: 1,Execomb: 0,Execomb: 1,
Execomb: 1,Execomb: 0,Execomb: 1,Execomb: 1,
Execomb: 1,Execomb: 1,Execomb: 0,Execomb: 1,

1:4:5:
Prune at: 2
Execomb: 0,Execomb: 1,Execomb: 0,Execomb: 1,
Execomb: 1,Execomb: 1,Execomb: 0,Execomb: 1,
Execomb: 0,Execomb: 0,Execomb: 1,Execomb: 1,

1:5:0:
Prune at: 2
Execomb: 0,Execomb: 1,Execomb: 0,Execomb: 1,
Execomb: 1,Execomb: 1,Execomb: 0,Execomb: 1,
Execomb: 0,Execomb: 1,

1:5:2:
Prune at: 2
Execomb: 0,Execomb: 1,Execomb: 0,Execomb: 1,
Execomb: 1,Execomb: 1,Execomb: 0,Execomb: 1,
Execomb: 1,Execomb: 0,Execomb: 1,Execomb: 1,

1:5:4:
Prune at: 2
Execomb: 0,Execomb: 1,Execomb: 0,Execomb: 1,
Execomb: 1,Execomb: 1,Execomb: 0,Execomb: 1,
Execomb: 1,Execomb: 1,

1:5:6:
Prune at: 2
Execomb: 0,Execomb: 1,Execomb: 0,Execomb: 1,
Execomb: 1,Execomb: 1,Execomb: 1,Execomb: 0,
Execomb: 0,Execomb: 0,Execomb: 1,Execomb: 1,

1:6:0:
Execomb: 0,Execomb: 1,Execomb: 0,Execomb: 1,
Execomb: 1,Execomb: 1,Execomb: 1,Execomb: 0,
Execomb: 0,Execomb: 1,

1:6:1:
Prune at: 2
Execomb: 0,Execomb: 1,Execomb: 0,Execomb: 1,
Execomb: 1,Execomb: 1,Execomb: 1,Execomb: 0,
Execomb: 1,Execomb: 0,Execomb: 0,Execomb: 1,

1:6:3:
Execomb: 0,Execomb: 1,Execomb: 0,Execomb: 1,
Execomb: 1,Execomb: 1,Execomb: 1,Execomb: 0,
Execomb: 1,Execomb: 0,Execomb: 1,Execomb: 1,

1:6:4:
Exist Solution.
